TEST [dataTypeTest_BIGINT.json] PASSED
TEST successful operations: 44
TEST [dataTypeTest_BIGSERIAL.json] PASSED
TEST successful operations: 40
TEST [dataTypeTest_BOOLEAN.json] PASSED
TEST successful operations: 89
TEST [dataTypeTest_CHAR.json] PASSED
TEST successful operations: 188
TEST [dataTypeTest_DATE.json] PASSED
TEST successful operations: 89
TEST [dataTypeTest_DATETIME0.json] PASSED
TEST successful operations: 89
TEST [dataTypeTest_DATETIME1.json] PASSED
TEST successful operations: 89
TEST [dataTypeTest_DATETIME2.json] PASSED
TEST successful operations: 89
TEST [dataTypeTest_DATETIME3.json] PASSED
TEST successful operations: 89
TEST [dataTypeTest_DATETIME4.json] PASSED
TEST successful operations: 89
TEST [dataTypeTest_DATETIME5.json] PASSED
TEST successful operations: 89
TEST [dataTypeTest_DECIMAL.json] PASSED
TEST successful operations: 92
TEST [dataTypeTest_INT.json] PASSED
TEST successful operations: 92
TEST [dataTypeTest_INT8.json] PASSED
TEST successful operations: 44
TEST [dataTypeTest_LVARCHAR.json] PASSED
TEST successful operations: 110
TEST [dataTypeTest_NVARCHAR.json] PASSED
TEST successful operations: 164
TEST [dataTypeTest_SERIAL.json] PASSED
TEST successful operations: 40
TEST [dataTypeTest_SERIAL8.json] PASSED
TEST successful operations: 40
TEST [dataTypeTest_SMALLFLOAT.json] PASSED
TEST successful operations: 92
TEST [dataTypeTest_SMALLINT.json] PASSED
TEST successful operations: 44
TEST [dataTypeTest_VARCHAR.json] PASSED
TEST successful operations: 236
TEST [ops.json] PASSED
TEST successful operations: 20
TEST [preparedStatementTest_1.json] PASSED
TEST successful operations: 55
TEST [preparedStatementTest_2.json] PASSED
TEST successful operations: 57
TEST [transactionTest.json] PASSED
TEST successful operations: 22
